Plinth Compilation Error:
Context: Compiling code at /Users/sho/io/plinth-plutarch-paper-code/src-errormsg/E39-UnsupportedRangeSyntax/Plinth.hs:21:18-39:
         E39Plinth.upTo
Context: Compiling code:
         \ (n [Occ=Once1] :: GHC.Num.Integer.Integer) ->
           case n of n [Occ=Once1] { __DEFAULT ->
           GHC.Base.build
             @GHC.Num.Integer.Integer
             (\ (@b)
                (c [Occ=Once1, OS=OneShot] :: GHC.Num.Integer.Integer -> b -> b)
                (n [Occ=Once1, OS=OneShot] :: b) ->
                GHC.Enum.enumDeltaToInteger1FB
                  @b
                  c
                  n
                  (GHC.Num.Integer.IS 1#)
                  (PlutusTx.Plugin.Utils.anchor
                     @"/Users/sho/io/plinth-plutarch-paper-code/src-errormsg/E39-UnsupportedRangeSyntax/Plinth.hs\NUL18\NUL16\NUL18\NUL17"
                     @GHC.Num.Integer.Integer
                     n))
           }
Context: Compiling code:
         case n of n [Occ=Once1] { __DEFAULT ->
         GHC.Base.build
           @GHC.Num.Integer.Integer
           (\ (@b)
              (c [Occ=Once1, OS=OneShot] :: GHC.Num.Integer.Integer -> b -> b)
              (n [Occ=Once1, OS=OneShot] :: b) ->
              GHC.Enum.enumDeltaToInteger1FB
                @b
                c
                n
                (GHC.Num.Integer.IS 1#)
                (PlutusTx.Plugin.Utils.anchor
                   @"/Users/sho/io/plinth-plutarch-paper-code/src-errormsg/E39-UnsupportedRangeSyntax/Plinth.hs\NUL18\NUL16\NUL18\NUL17"
                   @GHC.Num.Integer.Integer
                   n))
         }
Context: Compiling code:
         GHC.Base.build
           @GHC.Num.Integer.Integer
           (\ (@b)
              (c [Occ=Once1, OS=OneShot] :: GHC.Num.Integer.Integer -> b -> b)
              (n [Occ=Once1, OS=OneShot] :: b) ->
              GHC.Enum.enumDeltaToInteger1FB
                @b
                c
                n
                (GHC.Num.Integer.IS 1#)
                (PlutusTx.Plugin.Utils.anchor
                   @"/Users/sho/io/plinth-plutarch-paper-code/src-errormsg/E39-UnsupportedRangeSyntax/Plinth.hs\NUL18\NUL16\NUL18\NUL17"
                   @GHC.Num.Integer.Integer
                   n))
Context: Compiling code:
         \ (@b)
           (c [Occ=Once1, OS=OneShot] :: GHC.Num.Integer.Integer -> b -> b)
           (n [Occ=Once1, OS=OneShot] :: b) ->
           GHC.Enum.enumDeltaToInteger1FB
             @b
             c
             n
             (GHC.Num.Integer.IS 1#)
             (PlutusTx.Plugin.Utils.anchor
                @"/Users/sho/io/plinth-plutarch-paper-code/src-errormsg/E39-UnsupportedRangeSyntax/Plinth.hs\NUL18\NUL16\NUL18\NUL17"
                @GHC.Num.Integer.Integer
                n)
Context: Compiling code:
         \ (c [Occ=Once1, OS=OneShot] :: GHC.Num.Integer.Integer -> b -> b)
           (n [Occ=Once1, OS=OneShot] :: b) ->
           GHC.Enum.enumDeltaToInteger1FB
             @b
             c
             n
             (GHC.Num.Integer.IS 1#)
             (PlutusTx.Plugin.Utils.anchor
                @"/Users/sho/io/plinth-plutarch-paper-code/src-errormsg/E39-UnsupportedRangeSyntax/Plinth.hs\NUL18\NUL16\NUL18\NUL17"
                @GHC.Num.Integer.Integer
                n)
Context: Compiling code:
         \ (n [Occ=Once1, OS=OneShot] :: b) ->
           GHC.Enum.enumDeltaToInteger1FB
             @b
             c
             n
             (GHC.Num.Integer.IS 1#)
             (PlutusTx.Plugin.Utils.anchor
                @"/Users/sho/io/plinth-plutarch-paper-code/src-errormsg/E39-UnsupportedRangeSyntax/Plinth.hs\NUL18\NUL16\NUL18\NUL17"
                @GHC.Num.Integer.Integer
                n)
Context: Compiling code:
         GHC.Enum.enumDeltaToInteger1FB
           @b
           c
           n
           (GHC.Num.Integer.IS 1#)
           (PlutusTx.Plugin.Utils.anchor
              @"/Users/sho/io/plinth-plutarch-paper-code/src-errormsg/E39-UnsupportedRangeSyntax/Plinth.hs\NUL18\NUL16\NUL18\NUL17"
              @GHC.Num.Integer.Integer
              n)
Context: Compiling code:
         GHC.Enum.enumDeltaToInteger1FB @b c n (GHC.Num.Integer.IS 1#)
Context: Compiling code:
         GHC.Enum.enumDeltaToInteger1FB @b c n
Context: Compiling code:
         GHC.Enum.enumDeltaToInteger1FB @b c
Context: Compiling code:
         GHC.Enum.enumDeltaToInteger1FB @b
Context: Compiling code:
         GHC.Enum.enumDeltaToInteger1FB
Error: Unsupported feature: Use of enumFromTo or enumFromThenTo, possibly via range syntax. Please use PlutusTx.Enum.enumFromTo or PlutusTx.Enum.enumFromThenTo instead.
   |ᴾᴸᴵᴺᵀᴴ
21 | compiledUpTo = $$(compile [|| upTo ||])
   |                  ^^^^^^^^^^^^^^^^^^^^^^
